<?xml version="1.0" encoding="UTF-8"?>
<!-- Generated by org.testng.reporters.JUnitReportReporter -->
<testsuite hostname="DESKTOP-DDLQ6RP" failures="0" tests="1" name="youtube.Testic" time="16.296" errors="0" timestamp="15 Aug 2019 19:29:55 GMT" skipped="0">
  <testcase classname="youtube.Testic" name="Testiranje" time="16.296"/>
</testsuite> <!-- youtube.Testic -->
