<?xml version="1.0" encoding="UTF-8"?>
<!-- Generated by org.testng.reporters.JUnitReportReporter -->
<testsuite hostname="DESKTOP-DDLQ6RP" failures="0" tests="1" name="zavrsniProjekat.Test4" time="6.711" errors="0" timestamp="29 Aug 2019 19:30:18 GMT" skipped="0">
  <testcase classname="zavrsniProjekat.Test4" name="Test1a" time="6.711"/>
</testsuite> <!-- zavrsniProjekat.Test4 -->
