<?xml version="1.0" encoding="UTF-8"?>
<!-- Generated by org.testng.reporters.JUnitReportReporter -->
<testsuite hostname="DESKTOP-DDLQ6RP" failures="0" tests="1" name="infostud.Testic" time="6.702" errors="0" timestamp="16 Aug 2019 20:03:43 GMT" skipped="0">
  <testcase classname="infostud.Testic" name="infoStudTest" time="6.702"/>
</testsuite> <!-- infostud.Testic -->
