<?xml version="1.0" encoding="UTF-8"?>
<!-- Generated by org.testng.reporters.JUnitReportReporter -->
<testsuite hostname="DESKTOP-DDLQ6RP" failures="0" tests="1" name="zavrsniProjekat.Test7" time="13.195" errors="0" timestamp="30 Aug 2019 17:57:58 GMT" skipped="0">
  <testcase classname="zavrsniProjekat.Test7" name="Test1a" time="13.195"/>
</testsuite> <!-- zavrsniProjekat.Test7 -->
