<?xml version="1.0" encoding="UTF-8"?>
<!-- Generated by org.testng.reporters.JUnitReportReporter -->
<testsuite hostname="DESKTOP-DDLQ6RP" failures="0" tests="1" name="metacafe.Testmeta" time="27.807" errors="0" timestamp="22 Aug 2019 18:07:17 GMT" skipped="0">
  <testcase classname="metacafe.Testmeta" name="infoStudTest" time="27.807"/>
</testsuite> <!-- metacafe.Testmeta -->
