<?xml version="1.0" encoding="UTF-8"?>
<!-- Generated by org.testng.reporters.JUnitReportReporter -->
<testsuite hostname="DESKTOP-DDLQ6RP" failures="0" tests="1" name="projekat.Jedan" time="17.121" errors="0" timestamp="13 Aug 2019 20:02:41 GMT" skipped="0">
  <testcase classname="projekat.Jedan" name="sportTest" time="17.121"/>
</testsuite> <!-- projekat.Jedan -->
