<?xml version="1.0" encoding="UTF-8"?>
<!-- Generated by org.testng.reporters.JUnitReportReporter -->
<testsuite hostname="DESKTOP-DDLQ6RP" failures="0" tests="1" name="resenjeyoutube.Test1" time="8.517" errors="0" timestamp="16 Aug 2019 17:14:34 GMT" skipped="0">
  <testcase classname="resenjeyoutube.Test1" name="youTubeTest" time="8.517"/>
</testsuite> <!-- resenjeyoutube.Test1 -->
