<?xml version="1.0" encoding="UTF-8"?>
<!-- Generated by org.testng.reporters.JUnitReportReporter -->
<testsuite hostname="DESKTOP-DDLQ6RP" failures="0" tests="1" name="zadatak1.Test1" time="13.878" errors="0" timestamp="19 Aug 2019 19:07:56 GMT" skipped="0">
  <testcase classname="zadatak1.Test1" name="infostudTest" time="13.878"/>
</testsuite> <!-- zadatak1.Test1 -->
