<?xml version="1.0" encoding="UTF-8"?>
<!-- Generated by org.testng.reporters.JUnitReportReporter -->
<testsuite hostname="DESKTOP-DDLQ6RP" failures="0" tests="1" name="zavrsniProjekat.Test3" time="16.416" errors="0" timestamp="29 Aug 2019 17:58:47 GMT" skipped="0">
  <testcase classname="zavrsniProjekat.Test3" name="Test1a" time="16.416"/>
</testsuite> <!-- zavrsniProjekat.Test3 -->
