<?xml version="1.0" encoding="UTF-8"?>
<!-- Generated by org.testng.reporters.JUnitReportReporter -->
<testsuite hostname="DESKTOP-DDLQ6RP" failures="0" tests="1" name="zavrsniProjekat.Test1" time="9.693" errors="0" timestamp="29 Aug 2019 17:42:45 GMT" skipped="0">
  <testcase classname="zavrsniProjekat.Test1" name="Test1a" time="9.693"/>
</testsuite> <!-- zavrsniProjekat.Test1 -->
